2020-02-20 14:14:39,235 >>> start Marvin weights train with following arguments
2020-02-20 14:14:39,236 >>> pool: 4 | seed: 1 | print: 1 | epochs: 100 | sigma: 0.1 | alpha: 0.03 | decay: 0.999 | pop: 42 | play_steps: 2424 | train_steps: 4242 | layer: [24, 16] | log: 100-default.log | load: None | save: 100-default.pkl | train: False | walk: False | norm: False | detail: True | silent: True | render: False | capture: False | current: False
2020-02-20 14:15:05,396 >>> train epoch 1 - time 0:00:26.159921 - reward -200.67413209803152 - timesteps 1440 of 4242
2020-02-20 14:15:32,477 >>> train epoch 2 - time 0:00:27.080396 - reward -57.04878232961454 - timesteps 4242 of 4242
2020-02-20 14:15:56,570 >>> train epoch 3 - time 0:00:24.093466 - reward -39.45498015170808 - timesteps 4242 of 4242
2020-02-20 14:16:21,177 >>> train epoch 4 - time 0:00:24.606459 - reward -49.44840158262414 - timesteps 4242 of 4242
2020-02-20 14:16:46,337 >>> train epoch 5 - time 0:00:25.160293 - reward -14.294970519085808 - timesteps 4242 of 4242
2020-02-20 14:17:13,111 >>> train epoch 6 - time 0:00:26.773399 - reward -25.74590861984677 - timesteps 4235 of 4242
2020-02-20 14:17:37,435 >>> train epoch 7 - time 0:00:24.323701 - reward 38.404467041480345 - timesteps 3737 of 4242
2020-02-20 14:17:58,782 >>> train epoch 8 - time 0:00:21.347665 - reward 37.246616152429795 - timesteps 3593 of 4242
2020-02-20 14:18:21,218 >>> train epoch 9 - time 0:00:22.435751 - reward -65.05760803742731 - timesteps 3203 of 4242
2020-02-20 14:18:41,546 >>> train epoch 10 - time 0:00:20.327484 - reward 94.08736980840472 - timesteps 3037 of 4242
2020-02-20 14:18:58,161 >>> train epoch 11 - time 0:00:16.615390 - reward 69.90070083905395 - timesteps 3325 of 4242
2020-02-20 14:19:21,425 >>> train epoch 12 - time 0:00:23.263175 - reward 17.30139370959611 - timesteps 3956 of 4242
2020-02-20 14:19:41,759 >>> train epoch 13 - time 0:00:20.334069 - reward -43.58165622425897 - timesteps 3303 of 4242
2020-02-20 14:20:01,023 >>> train epoch 14 - time 0:00:19.263672 - reward 55.05724801330162 - timesteps 3575 of 4242
2020-02-20 14:20:21,286 >>> train epoch 15 - time 0:00:20.263255 - reward 88.85541778149626 - timesteps 3164 of 4242
2020-02-20 14:20:46,734 >>> train epoch 16 - time 0:00:25.448083 - reward 57.93454612933676 - timesteps 3568 of 4242
2020-02-20 14:21:11,156 >>> train epoch 17 - time 0:00:24.422077 - reward 92.31337269306714 - timesteps 3171 of 4242
2020-02-20 14:21:34,305 >>> train epoch 18 - time 0:00:23.148480 - reward 55.75092843200613 - timesteps 3551 of 4242
2020-02-20 14:22:01,245 >>> train epoch 19 - time 0:00:26.939340 - reward 13.635632287681876 - timesteps 4140 of 4242
2020-02-20 14:22:20,742 >>> train epoch 20 - time 0:00:19.497487 - reward 11.534519243119357 - timesteps 4019 of 4242
2020-02-20 14:22:47,936 >>> train epoch 21 - time 0:00:27.193973 - reward 24.25023979760443 - timesteps 3908 of 4242
2020-02-20 14:23:10,610 >>> train epoch 22 - time 0:00:22.673629 - reward -202.0219749234411 - timesteps 4242 of 4242
2020-02-20 14:23:36,376 >>> train epoch 23 - time 0:00:25.765964 - reward 44.57543668427527 - timesteps 3671 of 4242
2020-02-20 14:24:00,972 >>> train epoch 24 - time 0:00:24.595668 - reward 36.2564292564802 - timesteps 3893 of 4242
2020-02-20 14:24:19,934 >>> train epoch 25 - time 0:00:18.961899 - reward 56.98479957941819 - timesteps 3436 of 4242
2020-02-20 14:24:43,733 >>> train epoch 26 - time 0:00:23.799369 - reward 11.36537276010754 - timesteps 4099 of 4242
2020-02-20 14:25:05,663 >>> train epoch 27 - time 0:00:21.929573 - reward 34.93851489230919 - timesteps 3706 of 4242
2020-02-20 14:25:32,445 >>> train epoch 28 - time 0:00:26.781567 - reward 41.48079538934819 - timesteps 3708 of 4242
2020-02-20 14:25:53,348 >>> train epoch 29 - time 0:00:20.903482 - reward 64.11903065569548 - timesteps 3343 of 4242
2020-02-20 14:26:18,917 >>> train epoch 30 - time 0:00:25.568008 - reward 46.55542886435994 - timesteps 3575 of 4242
2020-02-20 14:26:44,180 >>> train epoch 31 - time 0:00:25.263781 - reward 82.88377772724493 - timesteps 3156 of 4242
2020-02-20 14:27:08,773 >>> train epoch 32 - time 0:00:24.591972 - reward 9.23830639598453 - timesteps 4177 of 4242
2020-02-20 14:27:33,842 >>> train epoch 33 - time 0:00:25.068673 - reward 51.41398753428718 - timesteps 3445 of 4242
2020-02-20 14:27:59,683 >>> train epoch 34 - time 0:00:25.839703 - reward -58.841567747891474 - timesteps 4242 of 4242
2020-02-20 14:28:25,261 >>> train epoch 35 - time 0:00:25.578238 - reward 71.27755840981243 - timesteps 3450 of 4242
2020-02-20 14:28:47,120 >>> train epoch 36 - time 0:00:21.859340 - reward 84.33127527500946 - timesteps 3323 of 4242
2020-02-20 14:29:14,116 >>> train epoch 37 - time 0:00:26.995227 - reward 74.17188340763578 - timesteps 3455 of 4242
2020-02-20 14:29:39,065 >>> train epoch 38 - time 0:00:24.948481 - reward 80.41414829832705 - timesteps 3480 of 4242
2020-02-20 14:30:03,390 >>> train epoch 39 - time 0:00:24.325011 - reward 77.6114648694442 - timesteps 3437 of 4242
2020-02-20 14:30:27,481 >>> train epoch 40 - time 0:00:24.090065 - reward 39.68858926590523 - timesteps 3732 of 4242
2020-02-20 14:30:50,670 >>> train epoch 41 - time 0:00:23.188905 - reward 58.480468807155574 - timesteps 3524 of 4242
2020-02-20 14:31:15,330 >>> train epoch 42 - time 0:00:24.659189 - reward -82.94230451917272 - timesteps 1257 of 4242
2020-02-20 14:31:40,649 >>> train epoch 43 - time 0:00:25.318493 - reward 68.71807130547823 - timesteps 3377 of 4242
2020-02-20 14:32:07,388 >>> train epoch 44 - time 0:00:26.738476 - reward 75.82689845050314 - timesteps 3298 of 4242
2020-02-20 14:32:34,444 >>> train epoch 45 - time 0:00:27.056627 - reward 33.1814305001758 - timesteps 3749 of 4242
2020-02-20 14:33:04,010 >>> train epoch 46 - time 0:00:29.565828 - reward 9.56513153847942 - timesteps 4147 of 4242
2020-02-20 14:33:28,764 >>> train epoch 47 - time 0:00:24.753878 - reward 30.152615767783033 - timesteps 3716 of 4242
2020-02-20 14:33:54,197 >>> train epoch 48 - time 0:00:25.432185 - reward 1.5794921374481974 - timesteps 4242 of 4242
2020-02-20 14:34:18,371 >>> train epoch 49 - time 0:00:24.174546 - reward -55.67808427286849 - timesteps 4242 of 4242
2020-02-20 14:34:45,321 >>> train epoch 50 - time 0:00:26.949595 - reward 41.57983231604436 - timesteps 3625 of 4242
2020-02-20 14:35:13,227 >>> train epoch 51 - time 0:00:27.905800 - reward -32.107341216906576 - timesteps 4242 of 4242
2020-02-20 14:35:34,732 >>> train epoch 52 - time 0:00:21.504813 - reward 51.83751247579969 - timesteps 3402 of 4242
2020-02-20 14:35:56,700 >>> train epoch 53 - time 0:00:21.967917 - reward 42.21061134798588 - timesteps 3536 of 4242
2020-02-20 14:36:22,100 >>> train epoch 54 - time 0:00:25.399968 - reward 55.32396129413759 - timesteps 3362 of 4242
2020-02-20 14:36:46,994 >>> train epoch 55 - time 0:00:24.893686 - reward 53.86854656108702 - timesteps 3355 of 4242
2020-02-20 14:37:12,535 >>> train epoch 56 - time 0:00:25.540564 - reward 35.81941602375978 - timesteps 3632 of 4242
2020-02-20 14:37:41,563 >>> train epoch 57 - time 0:00:29.028238 - reward 65.51792310652738 - timesteps 3203 of 4242
2020-02-20 14:38:06,498 >>> train epoch 58 - time 0:00:24.934944 - reward -101.16748398891387 - timesteps 2151 of 4242
2020-02-20 14:38:32,106 >>> train epoch 59 - time 0:00:25.607919 - reward 82.06193384162665 - timesteps 3132 of 4242
2020-02-20 14:38:58,892 >>> train epoch 60 - time 0:00:26.785840 - reward 47.53185763056484 - timesteps 3441 of 4242
2020-02-20 14:39:25,799 >>> train epoch 61 - time 0:00:26.907073 - reward 60.48161957399121 - timesteps 3337 of 4242
2020-02-20 14:39:52,295 >>> train epoch 62 - time 0:00:26.495449 - reward 76.46109380964903 - timesteps 3186 of 4242
2020-02-20 14:40:17,905 >>> train epoch 63 - time 0:00:25.609750 - reward 88.14299945794897 - timesteps 3065 of 4242
2020-02-20 14:40:43,956 >>> train epoch 64 - time 0:00:26.051330 - reward 89.4512633212057 - timesteps 3098 of 4242
2020-02-20 14:41:09,293 >>> train epoch 65 - time 0:00:25.336684 - reward 88.81960684834698 - timesteps 3041 of 4242
2020-02-20 14:41:31,926 >>> train epoch 66 - time 0:00:22.632485 - reward 76.5914746345672 - timesteps 3182 of 4242
2020-02-20 14:41:54,707 >>> train epoch 67 - time 0:00:22.780745 - reward 124.93824346309881 - timesteps 2703 of 4242
2020-02-20 14:42:17,978 >>> train epoch 68 - time 0:00:23.271266 - reward 127.56553932614946 - timesteps 2719 of 4242
2020-02-20 14:42:37,224 >>> train epoch 69 - time 0:00:19.245400 - reward 114.93145014123522 - timesteps 2822 of 4242
2020-02-20 14:43:01,915 >>> train epoch 70 - time 0:00:24.691176 - reward 45.5965384175959 - timesteps 3678 of 4242
2020-02-20 14:43:19,002 >>> train epoch 71 - time 0:00:17.087063 - reward 105.96225136991221 - timesteps 2803 of 4242
2020-02-20 14:43:41,500 >>> train epoch 72 - time 0:00:22.497105 - reward 60.624312003779714 - timesteps 3343 of 4242
2020-02-20 14:44:03,315 >>> train epoch 73 - time 0:00:21.815351 - reward 68.00505360471759 - timesteps 3135 of 4242
2020-02-20 14:44:26,814 >>> train epoch 74 - time 0:00:23.498868 - reward 29.26903154801162 - timesteps 3639 of 4242
2020-02-20 14:44:48,263 >>> train epoch 75 - time 0:00:21.448459 - reward 75.5598979885664 - timesteps 3048 of 4242
2020-02-20 14:45:11,206 >>> train epoch 76 - time 0:00:22.942988 - reward 81.11215012985853 - timesteps 3068 of 4242
2020-02-20 14:45:33,649 >>> train epoch 77 - time 0:00:22.442936 - reward 85.44219037473117 - timesteps 2941 of 4242
2020-02-20 14:45:56,693 >>> train epoch 78 - time 0:00:23.044077 - reward -2.0360630794738968 - timesteps 3952 of 4242
2020-02-20 14:46:20,082 >>> train epoch 79 - time 0:00:23.389176 - reward 90.1003966868738 - timesteps 2903 of 4242
2020-02-20 14:46:42,499 >>> train epoch 80 - time 0:00:22.416051 - reward 75.60054144325457 - timesteps 3107 of 4242
2020-02-20 14:47:05,586 >>> train epoch 81 - time 0:00:23.087764 - reward 69.33113329695884 - timesteps 3189 of 4242
2020-02-20 14:47:29,735 >>> train epoch 82 - time 0:00:24.148891 - reward 70.57178675536098 - timesteps 3179 of 4242
2020-02-20 14:47:50,472 >>> train epoch 83 - time 0:00:20.735679 - reward 86.53932690970937 - timesteps 2988 of 4242
2020-02-20 14:48:13,179 >>> train epoch 84 - time 0:00:22.707077 - reward 83.84002341482375 - timesteps 3027 of 4242
2020-02-20 14:48:35,838 >>> train epoch 85 - time 0:00:22.658504 - reward 87.13273927937485 - timesteps 2966 of 4242
2020-02-20 14:48:56,220 >>> train epoch 86 - time 0:00:20.381696 - reward 87.09561338143773 - timesteps 2921 of 4242
2020-02-20 14:49:17,738 >>> train epoch 87 - time 0:00:21.518150 - reward 79.32338514586841 - timesteps 2989 of 4242
2020-02-20 14:49:39,347 >>> train epoch 88 - time 0:00:21.608393 - reward 57.404660321117795 - timesteps 3324 of 4242
2020-02-20 14:50:03,325 >>> train epoch 89 - time 0:00:23.977997 - reward 93.18491454720225 - timesteps 2929 of 4242
2020-02-20 14:50:23,639 >>> train epoch 90 - time 0:00:20.313793 - reward 55.048424065721115 - timesteps 3363 of 4242
2020-02-20 14:50:45,562 >>> train epoch 91 - time 0:00:21.923579 - reward 73.93954004633491 - timesteps 3093 of 4242
2020-02-20 14:51:05,688 >>> train epoch 92 - time 0:00:20.125134 - reward 77.2366508905938 - timesteps 3054 of 4242
2020-02-20 14:51:27,716 >>> train epoch 93 - time 0:00:22.028567 - reward 81.54222848522626 - timesteps 3009 of 4242
2020-02-20 14:51:49,147 >>> train epoch 94 - time 0:00:21.430110 - reward 97.09334109973771 - timesteps 2867 of 4242
2020-02-20 14:52:11,892 >>> train epoch 95 - time 0:00:22.744850 - reward 101.43802668833091 - timesteps 2844 of 4242
2020-02-20 14:52:34,860 >>> train epoch 96 - time 0:00:22.968611 - reward 105.35949841099146 - timesteps 2789 of 4242
2020-02-20 14:52:59,358 >>> train epoch 97 - time 0:00:24.497864 - reward 72.30617283461915 - timesteps 3090 of 4242
2020-02-20 14:53:21,390 >>> train epoch 98 - time 0:00:22.031129 - reward 106.2814226292562 - timesteps 2787 of 4242
2020-02-20 14:53:42,497 >>> train epoch 99 - time 0:00:21.106303 - reward 94.2751988802533 - timesteps 2866 of 4242
2020-02-20 14:54:03,451 >>> train epoch 100 - time 0:00:20.954001 - reward 131.43590439425108 - timesteps 2538 of 4242
2020-02-20 14:54:03,451 >>> end Marvin weights train after 100 epoch(-s) with final reward 131.43590439425108
2020-02-20 14:54:03,451 >>> Marvin parameters alpha 0.027143764413411257, weights layers [24, 24, 16, 4], multiprocessing 4
2020-02-20 14:54:03,513 >>> train time 0:39:24.383534
2020-02-20 14:54:03,530 >>> start Marvin play with 2424 max steps
2020-02-20 14:54:04,599 >>> end Marvin play after 2424 steps with total reward 106.88285362027891 and done status False
2020-02-20 14:54:04,599 >>> play time 0:00:01.086203
