2020-02-20 15:05:58,397 >>> start Marvin weights train with following arguments
2020-02-20 15:05:58,398 >>> pool: 4 | seed: 1 | print: 1 | epochs: 100 | sigma: 0.1 | alpha: 0.03 | decay: 0.999 | pop: 42 | play_steps: 2424 | train_steps: 2424 | layer: [24, 16] | log: 100-default-v2.log | load: None | save: 100-default-v2.pkl | train: False | walk: False | norm: False | detail: True | silent: True | render: False | capture: False | current: False
2020-02-20 15:06:14,623 >>> train epoch 1 - time 0:00:16.225352 - reward -181.02420945312804 - timesteps 2424 of 2424
2020-02-20 15:06:31,839 >>> train epoch 2 - time 0:00:17.215416 - reward -83.96012633564696 - timesteps 2424 of 2424
2020-02-20 15:06:48,758 >>> train epoch 3 - time 0:00:16.918572 - reward -40.712775279017656 - timesteps 2424 of 2424
2020-02-20 15:07:04,638 >>> train epoch 4 - time 0:00:15.879741 - reward 4.545448275181192 - timesteps 2424 of 2424
2020-02-20 15:07:21,505 >>> train epoch 5 - time 0:00:16.867305 - reward 15.255409109682228 - timesteps 2424 of 2424
2020-02-20 15:07:37,556 >>> train epoch 6 - time 0:00:16.050969 - reward 8.781991882775612 - timesteps 2424 of 2424
2020-02-20 15:07:53,991 >>> train epoch 7 - time 0:00:16.435283 - reward 24.11158041508521 - timesteps 2424 of 2424
2020-02-20 15:08:10,194 >>> train epoch 8 - time 0:00:16.202248 - reward -13.374224448955575 - timesteps 2424 of 2424
2020-02-20 15:08:29,302 >>> train epoch 9 - time 0:00:19.108061 - reward 62.28338319776732 - timesteps 2424 of 2424
2020-02-20 15:08:46,836 >>> train epoch 10 - time 0:00:17.533412 - reward 25.693088698789804 - timesteps 2424 of 2424
2020-02-20 15:09:02,429 >>> train epoch 11 - time 0:00:15.593583 - reward 63.45680146447891 - timesteps 2424 of 2424
2020-02-20 15:09:18,888 >>> train epoch 12 - time 0:00:16.458945 - reward -139.18797232891595 - timesteps 186 of 2424
2020-02-20 15:09:33,939 >>> train epoch 13 - time 0:00:15.050079 - reward 88.57659489643275 - timesteps 2424 of 2424
2020-02-20 15:09:51,852 >>> train epoch 14 - time 0:00:17.913517 - reward 5.516814334766493 - timesteps 2424 of 2424
2020-02-20 15:10:04,017 >>> train epoch 15 - time 0:00:12.164756 - reward 15.348511875575163 - timesteps 2424 of 2424
2020-02-20 15:10:18,927 >>> train epoch 16 - time 0:00:14.909957 - reward -135.78528298616064 - timesteps 159 of 2424
2020-02-20 15:10:32,099 >>> train epoch 17 - time 0:00:13.171251 - reward -29.9408335826043 - timesteps 2424 of 2424
2020-02-20 15:10:48,799 >>> train epoch 18 - time 0:00:16.700300 - reward 27.13347381768916 - timesteps 2424 of 2424
2020-02-20 15:11:05,113 >>> train epoch 19 - time 0:00:16.313905 - reward 58.957237819451876 - timesteps 2424 of 2424
2020-02-20 15:11:21,607 >>> train epoch 20 - time 0:00:16.493317 - reward 71.99918565016499 - timesteps 2424 of 2424
2020-02-20 15:11:40,471 >>> train epoch 21 - time 0:00:18.863901 - reward 25.69575878328209 - timesteps 2424 of 2424
2020-02-20 15:11:57,526 >>> train epoch 22 - time 0:00:17.055107 - reward 46.88474265375854 - timesteps 2424 of 2424
2020-02-20 15:12:14,348 >>> train epoch 23 - time 0:00:16.821912 - reward -14.41476130319984 - timesteps 2424 of 2424
2020-02-20 15:12:31,678 >>> train epoch 24 - time 0:00:17.329983 - reward 99.68898394970245 - timesteps 2424 of 2424
2020-02-20 15:12:49,137 >>> train epoch 25 - time 0:00:17.458919 - reward 25.492585202636004 - timesteps 2424 of 2424
2020-02-20 15:13:05,483 >>> train epoch 26 - time 0:00:16.345245 - reward 69.88985242867183 - timesteps 2424 of 2424
2020-02-20 15:13:22,418 >>> train epoch 27 - time 0:00:16.935217 - reward 50.998286954970084 - timesteps 2424 of 2424
2020-02-20 15:13:38,420 >>> train epoch 28 - time 0:00:16.001504 - reward 48.60251949423842 - timesteps 2424 of 2424
2020-02-20 15:13:54,459 >>> train epoch 29 - time 0:00:16.038922 - reward 77.58936535158826 - timesteps 2424 of 2424
2020-02-20 15:14:10,312 >>> train epoch 30 - time 0:00:15.853292 - reward 47.03561415395839 - timesteps 2424 of 2424
2020-02-20 15:14:25,015 >>> train epoch 31 - time 0:00:14.702310 - reward -84.71404677562437 - timesteps 669 of 2424
2020-02-20 15:14:41,314 >>> train epoch 32 - time 0:00:16.299748 - reward 50.56158444745838 - timesteps 2424 of 2424
2020-02-20 15:14:56,303 >>> train epoch 33 - time 0:00:14.988268 - reward 130.28237887368752 - timesteps 2424 of 2424
2020-02-20 15:15:12,505 >>> train epoch 34 - time 0:00:16.201562 - reward 52.7273128292131 - timesteps 2424 of 2424
2020-02-20 15:15:27,613 >>> train epoch 35 - time 0:00:15.108402 - reward 156.53705587796495 - timesteps 2221 of 2424
2020-02-20 15:15:42,989 >>> train epoch 36 - time 0:00:15.375258 - reward 101.31691995701705 - timesteps 2424 of 2424
2020-02-20 15:15:58,486 >>> train epoch 37 - time 0:00:15.496901 - reward 112.77243225438977 - timesteps 2424 of 2424
2020-02-20 15:16:14,070 >>> train epoch 38 - time 0:00:15.584310 - reward 81.33434730874673 - timesteps 2424 of 2424
2020-02-20 15:16:29,593 >>> train epoch 39 - time 0:00:15.522789 - reward 96.11910242656373 - timesteps 2424 of 2424
2020-02-20 15:16:44,831 >>> train epoch 40 - time 0:00:15.237444 - reward 33.47213166816697 - timesteps 2424 of 2424
2020-02-20 15:17:00,656 >>> train epoch 41 - time 0:00:15.824884 - reward 41.781503058695435 - timesteps 2424 of 2424
2020-02-20 15:17:17,734 >>> train epoch 42 - time 0:00:17.077915 - reward 112.8746125123407 - timesteps 2424 of 2424
2020-02-20 15:17:32,652 >>> train epoch 43 - time 0:00:14.918077 - reward 6.661500265592181 - timesteps 2043 of 2424
2020-02-20 15:17:49,108 >>> train epoch 44 - time 0:00:16.455607 - reward 61.80438364436503 - timesteps 2424 of 2424
2020-02-20 15:18:05,939 >>> train epoch 45 - time 0:00:16.830593 - reward 146.65656265590525 - timesteps 2209 of 2424
2020-02-20 15:18:21,916 >>> train epoch 46 - time 0:00:15.977479 - reward 114.64041087200637 - timesteps 2424 of 2424
2020-02-20 15:18:39,726 >>> train epoch 47 - time 0:00:17.809583 - reward 145.56163707973525 - timesteps 2242 of 2424
2020-02-20 15:18:56,254 >>> train epoch 48 - time 0:00:16.527790 - reward 83.938907955769 - timesteps 2424 of 2424
2020-02-20 15:19:13,262 >>> train epoch 49 - time 0:00:17.007663 - reward 139.3643917939461 - timesteps 2271 of 2424
2020-02-20 15:19:29,733 >>> train epoch 50 - time 0:00:16.471088 - reward 128.3516845267274 - timesteps 2424 of 2424
2020-02-20 15:19:46,301 >>> train epoch 51 - time 0:00:16.568024 - reward 109.99868900899499 - timesteps 2424 of 2424
2020-02-20 15:20:02,532 >>> train epoch 52 - time 0:00:16.230524 - reward 117.16500941871365 - timesteps 2424 of 2424
2020-02-20 15:20:19,043 >>> train epoch 53 - time 0:00:16.511732 - reward 133.23284860647172 - timesteps 2352 of 2424
2020-02-20 15:20:35,064 >>> train epoch 54 - time 0:00:16.019972 - reward 125.3697801149028 - timesteps 2424 of 2424
2020-02-20 15:20:51,369 >>> train epoch 55 - time 0:00:16.305125 - reward 123.82246722470788 - timesteps 2424 of 2424
2020-02-20 15:21:09,208 >>> train epoch 56 - time 0:00:17.838785 - reward 134.24194665249095 - timesteps 2357 of 2424
2020-02-20 15:21:25,551 >>> train epoch 57 - time 0:00:16.343659 - reward 109.93916084648883 - timesteps 2424 of 2424
2020-02-20 15:21:41,452 >>> train epoch 58 - time 0:00:15.900130 - reward 146.078116263896 - timesteps 2218 of 2424
2020-02-20 15:21:56,731 >>> train epoch 59 - time 0:00:15.278733 - reward 126.7488694027708 - timesteps 2404 of 2424
2020-02-20 15:22:12,459 >>> train epoch 60 - time 0:00:15.727784 - reward 155.92994611258644 - timesteps 2088 of 2424
2020-02-20 15:22:28,288 >>> train epoch 61 - time 0:00:15.829144 - reward 153.15115269849036 - timesteps 2136 of 2424
2020-02-20 15:22:43,369 >>> train epoch 62 - time 0:00:15.081429 - reward 169.85642351782784 - timesteps 1984 of 2424
2020-02-20 15:22:58,839 >>> train epoch 63 - time 0:00:15.469422 - reward 172.73060529759823 - timesteps 1939 of 2424
2020-02-20 15:23:15,064 >>> train epoch 64 - time 0:00:16.225362 - reward 138.79342327436925 - timesteps 2271 of 2424
2020-02-20 15:23:31,796 >>> train epoch 65 - time 0:00:16.731639 - reward 159.23342140775802 - timesteps 2071 of 2424
2020-02-20 15:23:47,681 >>> train epoch 66 - time 0:00:15.885046 - reward 157.44695792410909 - timesteps 2121 of 2424
2020-02-20 15:24:03,607 >>> train epoch 67 - time 0:00:15.925408 - reward 145.28969001856888 - timesteps 2312 of 2424
2020-02-20 15:24:19,578 >>> train epoch 68 - time 0:00:15.970559 - reward 175.86134595930776 - timesteps 1976 of 2424
2020-02-20 15:24:39,129 >>> train epoch 69 - time 0:00:19.551083 - reward 174.71706769345107 - timesteps 2002 of 2424
2020-02-20 15:24:53,297 >>> train epoch 70 - time 0:00:14.167455 - reward 155.83820664870925 - timesteps 2192 of 2424
2020-02-20 15:25:07,960 >>> train epoch 71 - time 0:00:14.662927 - reward 162.86082070888932 - timesteps 2161 of 2424
2020-02-20 15:25:23,353 >>> train epoch 72 - time 0:00:15.392937 - reward 186.62533650658378 - timesteps 1873 of 2424
2020-02-20 15:25:39,954 >>> train epoch 73 - time 0:00:16.601350 - reward 149.98674911465324 - timesteps 2276 of 2424
2020-02-20 15:25:55,801 >>> train epoch 74 - time 0:00:15.846226 - reward 153.07472373753703 - timesteps 2200 of 2424
2020-02-20 15:26:11,197 >>> train epoch 75 - time 0:00:15.396027 - reward 171.85879574168055 - timesteps 2013 of 2424
2020-02-20 15:26:26,303 >>> train epoch 76 - time 0:00:15.106308 - reward 176.8925095349084 - timesteps 2003 of 2424
2020-02-20 15:26:41,641 >>> train epoch 77 - time 0:00:15.337813 - reward 180.6642079340173 - timesteps 1971 of 2424
2020-02-20 15:26:57,342 >>> train epoch 78 - time 0:00:15.700247 - reward 178.82294068178624 - timesteps 2011 of 2424
2020-02-20 15:27:12,387 >>> train epoch 79 - time 0:00:15.045272 - reward 156.96864197035862 - timesteps 2229 of 2424
2020-02-20 15:27:28,640 >>> train epoch 80 - time 0:00:16.252535 - reward 162.49460843754014 - timesteps 2225 of 2424
2020-02-20 15:27:44,807 >>> train epoch 81 - time 0:00:16.167520 - reward 154.0616695764184 - timesteps 2348 of 2424
2020-02-20 15:28:00,765 >>> train epoch 82 - time 0:00:15.957798 - reward 168.82885588091006 - timesteps 2185 of 2424
2020-02-20 15:28:16,700 >>> train epoch 83 - time 0:00:15.934167 - reward 158.8805787269298 - timesteps 2247 of 2424
2020-02-20 15:28:32,389 >>> train epoch 84 - time 0:00:15.689491 - reward 167.2186398994692 - timesteps 2192 of 2424
2020-02-20 15:28:47,995 >>> train epoch 85 - time 0:00:15.606181 - reward 176.88817379287238 - timesteps 2022 of 2424
2020-02-20 15:29:04,197 >>> train epoch 86 - time 0:00:16.201792 - reward 147.20919037254995 - timesteps 2387 of 2424
2020-02-20 15:29:19,890 >>> train epoch 87 - time 0:00:15.692215 - reward 175.9125998889516 - timesteps 1989 of 2424
2020-02-20 15:29:35,297 >>> train epoch 88 - time 0:00:15.407514 - reward 168.58308563300164 - timesteps 2125 of 2424
2020-02-20 15:29:51,746 >>> train epoch 89 - time 0:00:16.448573 - reward 134.7805198478242 - timesteps 2404 of 2424
2020-02-20 15:30:06,678 >>> train epoch 90 - time 0:00:14.932223 - reward 179.08665128784688 - timesteps 2016 of 2424
2020-02-20 15:30:23,530 >>> train epoch 91 - time 0:00:16.851307 - reward 160.29555431621114 - timesteps 2143 of 2424
2020-02-20 15:30:39,099 >>> train epoch 92 - time 0:00:15.569443 - reward 176.73301051524774 - timesteps 2022 of 2424
2020-02-20 15:30:56,015 >>> train epoch 93 - time 0:00:16.914949 - reward 168.45897299075327 - timesteps 2077 of 2424
2020-02-20 15:31:12,011 >>> train epoch 94 - time 0:00:15.996612 - reward 161.39503178605838 - timesteps 2158 of 2424
2020-02-20 15:31:27,248 >>> train epoch 95 - time 0:00:15.236440 - reward 163.38411257683669 - timesteps 2121 of 2424
2020-02-20 15:31:42,197 >>> train epoch 96 - time 0:00:14.949124 - reward 165.07974185682113 - timesteps 2101 of 2424
2020-02-20 15:31:58,021 >>> train epoch 97 - time 0:00:15.823418 - reward 147.37919543549606 - timesteps 2222 of 2424
2020-02-20 15:32:13,834 >>> train epoch 98 - time 0:00:15.813348 - reward 174.1839602030705 - timesteps 2025 of 2424
2020-02-20 15:32:29,573 >>> train epoch 99 - time 0:00:15.738355 - reward 166.48398076649838 - timesteps 2106 of 2424
2020-02-20 15:32:43,820 >>> train epoch 100 - time 0:00:14.247012 - reward 184.79845758555948 - timesteps 1921 of 2424
2020-02-20 15:32:43,820 >>> end Marvin weights train after 100 epoch(-s) with final reward 184.79845758555948
2020-02-20 15:32:43,820 >>> Marvin parameters alpha 0.027143764413411257, weights layers [24, 24, 16, 4], multiprocessing 4
2020-02-20 15:32:43,863 >>> train time 0:26:45.576209
2020-02-20 15:32:43,879 >>> start Marvin play with 2424 max steps
2020-02-20 15:32:44,695 >>> end Marvin play after 1851 steps with total reward 191.16101058535628 and done status True
2020-02-20 15:32:44,695 >>> play time 0:00:00.831834
