2020-02-20 16:20:40,524 >>> start Marvin weights train with following arguments
2020-02-20 16:20:40,525 >>> pool: 4 | seed: 42 | print: 1 | epochs: 100 | sigma: 0.1 | alpha: 0.03 | decay: 0.999 | pop: 42 | play_steps: 2424 | train_steps: 2424 | layer: [24, 16] | log: 100-v4.log | load: None | save: 100-v4.pkl | train: False | walk: False | norm: False | detail: True | silent: True | render: False | capture: False | current: False
2020-02-20 16:20:47,909 >>> train epoch 1 - time 0:00:07.384164 - reward -104.89851220082345 - timesteps 132 of 2424
2020-02-20 16:20:50,490 >>> train epoch 2 - time 0:00:02.580979 - reward -110.54417129161256 - timesteps 178 of 2424
2020-02-20 16:20:52,691 >>> train epoch 3 - time 0:00:02.199942 - reward -115.91263480090734 - timesteps 116 of 2424
2020-02-20 16:20:53,699 >>> train epoch 4 - time 0:00:01.008190 - reward -121.74099886825428 - timesteps 88 of 2424
2020-02-20 16:20:55,717 >>> train epoch 5 - time 0:00:02.018131 - reward -120.4226896801567 - timesteps 64 of 2424
2020-02-20 16:20:56,831 >>> train epoch 6 - time 0:00:01.114027 - reward -101.41793368059449 - timesteps 93 of 2424
2020-02-20 16:20:58,787 >>> train epoch 7 - time 0:00:01.955123 - reward -101.87628099750306 - timesteps 100 of 2424
2020-02-20 16:21:00,854 >>> train epoch 8 - time 0:00:02.067546 - reward -105.65700161614163 - timesteps 92 of 2424
2020-02-20 16:21:01,869 >>> train epoch 9 - time 0:00:01.015085 - reward -108.81114345586181 - timesteps 97 of 2424
2020-02-20 16:21:02,851 >>> train epoch 10 - time 0:00:00.981273 - reward -105.91077667766343 - timesteps 117 of 2424
2020-02-20 16:21:03,872 >>> train epoch 11 - time 0:00:01.021015 - reward -109.0333118114774 - timesteps 71 of 2424
2020-02-20 16:21:04,777 >>> train epoch 12 - time 0:00:00.905276 - reward -109.15326958971576 - timesteps 70 of 2424
2020-02-20 16:21:05,847 >>> train epoch 13 - time 0:00:01.069595 - reward -106.98569754501702 - timesteps 80 of 2424
2020-02-20 16:21:06,808 >>> train epoch 14 - time 0:00:00.960407 - reward -104.47598020206365 - timesteps 87 of 2424
2020-02-20 16:21:07,726 >>> train epoch 15 - time 0:00:00.917751 - reward -106.8718947702242 - timesteps 80 of 2424
2020-02-20 16:21:09,526 >>> train epoch 16 - time 0:00:01.800465 - reward -103.56977715601239 - timesteps 92 of 2424
2020-02-20 16:21:10,811 >>> train epoch 17 - time 0:00:01.285093 - reward -108.34041004637174 - timesteps 80 of 2424
2020-02-20 16:21:11,936 >>> train epoch 18 - time 0:00:01.124554 - reward -108.22665076778935 - timesteps 118 of 2424
2020-02-20 16:21:12,967 >>> train epoch 19 - time 0:00:01.030458 - reward -103.82430515465205 - timesteps 101 of 2424
2020-02-20 16:21:13,992 >>> train epoch 20 - time 0:00:01.024991 - reward -106.04178443318129 - timesteps 81 of 2424
2020-02-20 16:21:14,935 >>> train epoch 21 - time 0:00:00.943131 - reward -107.89264966758613 - timesteps 107 of 2424
2020-02-20 16:21:16,050 >>> train epoch 22 - time 0:00:01.114571 - reward -103.15523535069258 - timesteps 83 of 2424
2020-02-20 16:21:16,993 >>> train epoch 23 - time 0:00:00.942560 - reward -103.38930702644335 - timesteps 99 of 2424
2020-02-20 16:21:18,508 >>> train epoch 24 - time 0:00:01.515078 - reward -103.4030476264559 - timesteps 88 of 2424
2020-02-20 16:21:19,503 >>> train epoch 25 - time 0:00:00.995089 - reward -104.1129306739125 - timesteps 91 of 2424
2020-02-20 16:21:20,389 >>> train epoch 26 - time 0:00:00.886280 - reward -103.27865594303856 - timesteps 96 of 2424
2020-02-20 16:21:21,435 >>> train epoch 27 - time 0:00:01.045646 - reward -101.1512138133043 - timesteps 106 of 2424
2020-02-20 16:21:23,301 >>> train epoch 28 - time 0:00:01.866114 - reward -103.55098087304249 - timesteps 91 of 2424
2020-02-20 16:21:24,397 >>> train epoch 29 - time 0:00:01.095606 - reward -105.13974654618882 - timesteps 80 of 2424
2020-02-20 16:21:25,519 >>> train epoch 30 - time 0:00:01.121334 - reward -103.25837394282678 - timesteps 113 of 2424
2020-02-20 16:21:27,777 >>> train epoch 31 - time 0:00:02.258355 - reward -102.69311980883299 - timesteps 90 of 2424
2020-02-20 16:21:28,866 >>> train epoch 32 - time 0:00:01.088465 - reward -103.55069921792357 - timesteps 77 of 2424
2020-02-20 16:21:29,753 >>> train epoch 33 - time 0:00:00.886490 - reward -99.8912127508938 - timesteps 108 of 2424
2020-02-20 16:21:30,647 >>> train epoch 34 - time 0:00:00.894215 - reward -103.66648559609757 - timesteps 98 of 2424
2020-02-20 16:21:31,751 >>> train epoch 35 - time 0:00:01.103696 - reward -102.99436971462222 - timesteps 102 of 2424
2020-02-20 16:21:32,851 >>> train epoch 36 - time 0:00:01.099393 - reward -127.49231462756615 - timesteps 319 of 2424
2020-02-20 16:21:34,859 >>> train epoch 37 - time 0:00:02.008096 - reward -103.27644813426257 - timesteps 88 of 2424
2020-02-20 16:21:36,670 >>> train epoch 38 - time 0:00:01.811100 - reward -105.88753460927903 - timesteps 85 of 2424
2020-02-20 16:21:37,803 >>> train epoch 39 - time 0:00:01.132449 - reward -100.5291768197721 - timesteps 98 of 2424
2020-02-20 16:21:38,761 >>> train epoch 40 - time 0:00:00.957827 - reward -100.79198306940958 - timesteps 100 of 2424
2020-02-20 16:21:39,680 >>> train epoch 41 - time 0:00:00.918946 - reward -103.46389490979647 - timesteps 129 of 2424
2020-02-20 16:21:40,690 >>> train epoch 42 - time 0:00:01.009872 - reward -101.81957262437567 - timesteps 100 of 2424
2020-02-20 16:21:41,659 >>> train epoch 43 - time 0:00:00.969353 - reward -103.56697333001043 - timesteps 119 of 2424
2020-02-20 16:21:42,653 >>> train epoch 44 - time 0:00:00.993800 - reward -105.02425307865876 - timesteps 116 of 2424
2020-02-20 16:21:43,820 >>> train epoch 45 - time 0:00:01.166288 - reward -102.58665790201135 - timesteps 101 of 2424
2020-02-20 16:21:44,916 >>> train epoch 46 - time 0:00:01.096348 - reward -104.48270517923861 - timesteps 113 of 2424
2020-02-20 16:21:45,923 >>> train epoch 47 - time 0:00:01.007118 - reward -104.78602734595998 - timesteps 85 of 2424
2020-02-20 16:21:46,979 >>> train epoch 48 - time 0:00:01.055139 - reward -103.69781346165689 - timesteps 106 of 2424
2020-02-20 16:21:47,990 >>> train epoch 49 - time 0:00:01.010980 - reward -103.52910729391277 - timesteps 119 of 2424
2020-02-20 16:21:48,974 >>> train epoch 50 - time 0:00:00.984377 - reward -99.14429969072417 - timesteps 114 of 2424
2020-02-20 16:21:50,032 >>> train epoch 51 - time 0:00:01.057643 - reward -102.51483866459066 - timesteps 103 of 2424
2020-02-20 16:21:51,142 >>> train epoch 52 - time 0:00:01.109697 - reward -99.08339558253991 - timesteps 100 of 2424
2020-02-20 16:21:53,039 >>> train epoch 53 - time 0:00:01.896680 - reward -99.81195535155854 - timesteps 101 of 2424
2020-02-20 16:21:54,326 >>> train epoch 54 - time 0:00:01.287133 - reward -97.85321306832309 - timesteps 182 of 2424
2020-02-20 16:21:55,651 >>> train epoch 55 - time 0:00:01.324897 - reward -89.77846640080139 - timesteps 230 of 2424
2020-02-20 16:21:58,466 >>> train epoch 56 - time 0:00:02.815011 - reward -100.35996061684831 - timesteps 177 of 2424
2020-02-20 16:22:00,622 >>> train epoch 57 - time 0:00:02.155444 - reward -100.06671910959427 - timesteps 104 of 2424
2020-02-20 16:22:02,089 >>> train epoch 58 - time 0:00:01.467581 - reward -102.03215025209805 - timesteps 132 of 2424
2020-02-20 16:22:03,961 >>> train epoch 59 - time 0:00:01.871727 - reward -97.65246834834545 - timesteps 214 of 2424
2020-02-20 16:22:06,160 >>> train epoch 60 - time 0:00:02.198891 - reward -94.21165822383183 - timesteps 285 of 2424
2020-02-20 16:22:08,498 >>> train epoch 61 - time 0:00:02.337875 - reward -99.62199657678784 - timesteps 129 of 2424
2020-02-20 16:22:10,322 >>> train epoch 62 - time 0:00:01.823701 - reward -102.31725313512419 - timesteps 105 of 2424
2020-02-20 16:22:12,190 >>> train epoch 63 - time 0:00:01.868046 - reward -100.41057663726286 - timesteps 122 of 2424
2020-02-20 16:22:14,664 >>> train epoch 64 - time 0:00:02.473658 - reward -101.7829225879042 - timesteps 215 of 2424
2020-02-20 16:22:18,412 >>> train epoch 65 - time 0:00:03.747592 - reward -102.54900701242846 - timesteps 330 of 2424
2020-02-20 16:22:22,130 >>> train epoch 66 - time 0:00:03.718148 - reward -101.220363251971 - timesteps 183 of 2424
2020-02-20 16:22:28,637 >>> train epoch 67 - time 0:00:06.506751 - reward 8.446356897976472 - timesteps 2424 of 2424
2020-02-20 16:22:37,000 >>> train epoch 68 - time 0:00:08.361986 - reward -85.8887640560303 - timesteps 248 of 2424
2020-02-20 16:22:42,466 >>> train epoch 69 - time 0:00:05.466118 - reward 54.78488209702572 - timesteps 2424 of 2424
2020-02-20 16:22:51,705 >>> train epoch 70 - time 0:00:09.238725 - reward 37.10371487207243 - timesteps 2424 of 2424
2020-02-20 16:23:03,260 >>> train epoch 71 - time 0:00:11.555125 - reward 73.31088291258109 - timesteps 2424 of 2424
2020-02-20 16:23:13,968 >>> train epoch 72 - time 0:00:10.707901 - reward -2.6530839708440084 - timesteps 2355 of 2424
2020-02-20 16:23:25,967 >>> train epoch 73 - time 0:00:11.998359 - reward 107.81803435390644 - timesteps 2424 of 2424
2020-02-20 16:23:40,038 >>> train epoch 74 - time 0:00:14.071130 - reward 139.34810312143915 - timesteps 2226 of 2424
2020-02-20 16:23:50,036 >>> train epoch 75 - time 0:00:09.997187 - reward 140.23044158843814 - timesteps 2178 of 2424
2020-02-20 16:24:02,286 >>> train epoch 76 - time 0:00:12.249957 - reward 52.804923623982134 - timesteps 2424 of 2424
2020-02-20 16:24:15,425 >>> train epoch 77 - time 0:00:13.139710 - reward 172.90895200876318 - timesteps 1842 of 2424
2020-02-20 16:24:24,482 >>> train epoch 78 - time 0:00:09.056829 - reward 130.56084754867106 - timesteps 2294 of 2424
2020-02-20 16:24:36,014 >>> train epoch 79 - time 0:00:11.531225 - reward -30.102984324715607 - timesteps 1212 of 2424
2020-02-20 16:24:46,971 >>> train epoch 80 - time 0:00:10.956620 - reward 168.28100266931517 - timesteps 1949 of 2424
2020-02-20 16:24:57,054 >>> train epoch 81 - time 0:00:10.082939 - reward 152.81193049088208 - timesteps 2062 of 2424
2020-02-20 16:25:09,664 >>> train epoch 82 - time 0:00:12.609952 - reward 144.28265426064837 - timesteps 2127 of 2424
2020-02-20 16:25:24,745 >>> train epoch 83 - time 0:00:15.081098 - reward 167.32070177376346 - timesteps 1892 of 2424
2020-02-20 16:25:36,075 >>> train epoch 84 - time 0:00:11.329650 - reward 157.14485311746466 - timesteps 1967 of 2424
2020-02-20 16:25:50,784 >>> train epoch 85 - time 0:00:14.709164 - reward 167.61870788607203 - timesteps 1943 of 2424
2020-02-20 16:26:02,485 >>> train epoch 86 - time 0:00:11.700407 - reward 167.52899975244785 - timesteps 1899 of 2424
2020-02-20 16:26:14,384 >>> train epoch 87 - time 0:00:11.898876 - reward 157.26837497620267 - timesteps 1999 of 2424
2020-02-20 16:26:27,271 >>> train epoch 88 - time 0:00:12.886998 - reward 152.03880501232146 - timesteps 2050 of 2424
2020-02-20 16:26:41,095 >>> train epoch 89 - time 0:00:13.823907 - reward 165.41480764658655 - timesteps 1914 of 2424
2020-02-20 16:26:51,865 >>> train epoch 90 - time 0:00:10.770393 - reward 140.11476296272107 - timesteps 2161 of 2424
2020-02-20 16:27:04,877 >>> train epoch 91 - time 0:00:13.011128 - reward 115.48097956709478 - timesteps 2424 of 2424
2020-02-20 16:27:19,805 >>> train epoch 92 - time 0:00:14.928371 - reward 167.92890162053052 - timesteps 1873 of 2424
2020-02-20 16:27:29,400 >>> train epoch 93 - time 0:00:09.594811 - reward 138.2881222708485 - timesteps 2152 of 2424
2020-02-20 16:27:43,278 >>> train epoch 94 - time 0:00:13.877855 - reward 111.1926189062847 - timesteps 2424 of 2424
2020-02-20 16:27:58,983 >>> train epoch 95 - time 0:00:15.705154 - reward -75.45272255213298 - timesteps 330 of 2424
2020-02-20 16:28:06,499 >>> train epoch 96 - time 0:00:07.515389 - reward 170.81511081717795 - timesteps 1856 of 2424
2020-02-20 16:28:20,857 >>> train epoch 97 - time 0:00:14.358085 - reward 161.29185828522074 - timesteps 1965 of 2424
2020-02-20 16:28:34,439 >>> train epoch 98 - time 0:00:13.581705 - reward 148.6227406204372 - timesteps 2115 of 2424
2020-02-20 16:28:47,586 >>> train epoch 99 - time 0:00:13.146843 - reward 145.2162544745545 - timesteps 2155 of 2424
2020-02-20 16:29:04,313 >>> train epoch 100 - time 0:00:16.727258 - reward 164.27765526753115 - timesteps 1954 of 2424
2020-02-20 16:29:04,314 >>> end Marvin weights train after 100 epoch(-s) with final reward 164.27765526753115
2020-02-20 16:29:04,314 >>> Marvin parameters alpha 0.027143764413411257, weights layers [24, 24, 16, 4], multiprocessing 4
2020-02-20 16:29:04,370 >>> train time 0:08:24.048402
2020-02-20 16:29:04,389 >>> start Marvin play with 2424 max steps
2020-02-20 16:29:05,421 >>> end Marvin play after 1960 steps with total reward 163.8453795791101 and done status True
2020-02-20 16:29:05,421 >>> play time 0:00:01.050790
