2020-02-20 15:59:59,003 >>> start Marvin weights train with following arguments
2020-02-20 15:59:59,004 >>> pool: 4 | seed: 24 | print: 1 | epochs: 100 | sigma: 0.1 | alpha: 0.03 | decay: 0.999 | pop: 42 | play_steps: 2424 | train_steps: 2424 | layer: [24, 16] | log: 100-v3.log | load: None | save: 100-v3.pkl | train: False | walk: False | norm: False | detail: True | silent: True | render: False | capture: False | current: False
2020-02-20 15:59:59,694 >>> train epoch 1 - time 0:00:00.690260 - reward -113.0124404959856 - timesteps 65 of 2424
2020-02-20 16:00:00,456 >>> train epoch 2 - time 0:00:00.761513 - reward -110.58969174712186 - timesteps 61 of 2424
2020-02-20 16:00:01,231 >>> train epoch 3 - time 0:00:00.774760 - reward -108.69780959242998 - timesteps 53 of 2424
2020-02-20 16:00:01,920 >>> train epoch 4 - time 0:00:00.689146 - reward -109.05283593018633 - timesteps 55 of 2424
2020-02-20 16:00:02,576 >>> train epoch 5 - time 0:00:00.655255 - reward -108.3109300753874 - timesteps 54 of 2424
2020-02-20 16:00:03,175 >>> train epoch 6 - time 0:00:00.599171 - reward -108.02580904638263 - timesteps 60 of 2424
2020-02-20 16:00:03,953 >>> train epoch 7 - time 0:00:00.777762 - reward -112.41603156146414 - timesteps 173 of 2424
2020-02-20 16:00:04,912 >>> train epoch 8 - time 0:00:00.958900 - reward -105.44242928353037 - timesteps 285 of 2424
2020-02-20 16:00:05,863 >>> train epoch 9 - time 0:00:00.951208 - reward -111.31142480194941 - timesteps 90 of 2424
2020-02-20 16:00:06,846 >>> train epoch 10 - time 0:00:00.982145 - reward -106.42410748278385 - timesteps 117 of 2424
2020-02-20 16:00:07,769 >>> train epoch 11 - time 0:00:00.923308 - reward -108.43167678576103 - timesteps 88 of 2424
2020-02-20 16:00:08,931 >>> train epoch 12 - time 0:00:01.162320 - reward -106.17077416370778 - timesteps 126 of 2424
2020-02-20 16:00:10,686 >>> train epoch 13 - time 0:00:01.754791 - reward -108.61532299803284 - timesteps 55 of 2424
2020-02-20 16:00:11,449 >>> train epoch 14 - time 0:00:00.763000 - reward -108.73184387075972 - timesteps 55 of 2424
2020-02-20 16:00:12,271 >>> train epoch 15 - time 0:00:00.821136 - reward -107.19578350707923 - timesteps 80 of 2424
2020-02-20 16:00:13,427 >>> train epoch 16 - time 0:00:01.156508 - reward -108.58589685139938 - timesteps 54 of 2424
2020-02-20 16:00:14,569 >>> train epoch 17 - time 0:00:01.141316 - reward -101.09646540652174 - timesteps 188 of 2424
2020-02-20 16:00:15,532 >>> train epoch 18 - time 0:00:00.962898 - reward -107.31775890204307 - timesteps 125 of 2424
2020-02-20 16:00:17,068 >>> train epoch 19 - time 0:00:01.535630 - reward -103.49648852491663 - timesteps 120 of 2424
2020-02-20 16:00:18,259 >>> train epoch 20 - time 0:00:01.191006 - reward -107.53459003318838 - timesteps 109 of 2424
2020-02-20 16:00:19,441 >>> train epoch 21 - time 0:00:01.182591 - reward -110.5555675510787 - timesteps 122 of 2424
2020-02-20 16:00:21,030 >>> train epoch 22 - time 0:00:01.588709 - reward -99.10167237371631 - timesteps 184 of 2424
2020-02-20 16:00:22,253 >>> train epoch 23 - time 0:00:01.223096 - reward -107.12262880777661 - timesteps 108 of 2424
2020-02-20 16:00:23,771 >>> train epoch 24 - time 0:00:01.517656 - reward -99.20602280715168 - timesteps 165 of 2424
2020-02-20 16:00:25,361 >>> train epoch 25 - time 0:00:01.589474 - reward -104.95605278103154 - timesteps 108 of 2424
2020-02-20 16:00:26,542 >>> train epoch 26 - time 0:00:01.181160 - reward -96.7394115133613 - timesteps 115 of 2424
2020-02-20 16:00:30,308 >>> train epoch 27 - time 0:00:03.765890 - reward -64.42864744056034 - timesteps 399 of 2424
2020-02-20 16:00:36,268 >>> train epoch 28 - time 0:00:05.959371 - reward -20.947208007331255 - timesteps 1113 of 2424
2020-02-20 16:00:40,087 >>> train epoch 29 - time 0:00:03.819120 - reward -94.13629012807907 - timesteps 198 of 2424
2020-02-20 16:00:42,901 >>> train epoch 30 - time 0:00:02.813722 - reward -107.99176609312156 - timesteps 96 of 2424
2020-02-20 16:00:50,211 >>> train epoch 31 - time 0:00:07.310669 - reward 156.92950524609077 - timesteps 2312 of 2424
2020-02-20 16:01:00,385 >>> train epoch 32 - time 0:00:10.173480 - reward 55.6761318789621 - timesteps 2424 of 2424
2020-02-20 16:01:11,585 >>> train epoch 33 - time 0:00:11.199338 - reward 178.50982149442885 - timesteps 2075 of 2424
2020-02-20 16:01:23,806 >>> train epoch 34 - time 0:00:12.221103 - reward -65.15979255633195 - timesteps 438 of 2424
2020-02-20 16:01:35,390 >>> train epoch 35 - time 0:00:11.582611 - reward 160.46157366528087 - timesteps 2272 of 2424
2020-02-20 16:01:49,819 >>> train epoch 36 - time 0:00:14.428703 - reward 214.3938200254866 - timesteps 1660 of 2424
2020-02-20 16:01:58,028 >>> train epoch 37 - time 0:00:08.208462 - reward -41.81003357482395 - timesteps 623 of 2424
2020-02-20 16:02:11,211 >>> train epoch 38 - time 0:00:13.183185 - reward 145.12339058664656 - timesteps 2424 of 2424
2020-02-20 16:02:24,996 >>> train epoch 39 - time 0:00:13.784709 - reward 210.34686942437864 - timesteps 1756 of 2424
2020-02-20 16:02:35,557 >>> train epoch 40 - time 0:00:10.561197 - reward 185.42649474926466 - timesteps 2035 of 2424
2020-02-20 16:02:47,835 >>> train epoch 41 - time 0:00:12.277350 - reward 159.43535122699575 - timesteps 2345 of 2424
2020-02-20 16:03:01,983 >>> train epoch 42 - time 0:00:14.148571 - reward -14.974691922296756 - timesteps 967 of 2424
2020-02-20 16:03:11,391 >>> train epoch 43 - time 0:00:09.407350 - reward 126.13455322065161 - timesteps 2424 of 2424
2020-02-20 16:03:27,487 >>> train epoch 44 - time 0:00:16.096240 - reward 156.14712037191 - timesteps 2340 of 2424
2020-02-20 16:03:42,110 >>> train epoch 45 - time 0:00:14.622216 - reward 157.47061462685213 - timesteps 2328 of 2424
2020-02-20 16:03:57,883 >>> train epoch 46 - time 0:00:15.773701 - reward 181.89518987561874 - timesteps 2052 of 2424
2020-02-20 16:04:10,649 >>> train epoch 47 - time 0:00:12.764922 - reward 172.08370530031544 - timesteps 2280 of 2424
2020-02-20 16:04:26,259 >>> train epoch 48 - time 0:00:15.610733 - reward 192.17440864837414 - timesteps 1893 of 2424
2020-02-20 16:04:39,762 >>> train epoch 49 - time 0:00:13.502694 - reward 182.1101004521665 - timesteps 1992 of 2424
2020-02-20 16:04:54,483 >>> train epoch 50 - time 0:00:14.720283 - reward 171.47780896783402 - timesteps 2071 of 2424
2020-02-20 16:05:08,730 >>> train epoch 51 - time 0:00:14.247098 - reward 176.3892806925252 - timesteps 1971 of 2424
2020-02-20 16:05:23,202 >>> train epoch 52 - time 0:00:14.471985 - reward 210.63025337227944 - timesteps 1622 of 2424
2020-02-20 16:05:34,779 >>> train epoch 53 - time 0:00:11.577341 - reward 212.7293897992783 - timesteps 1610 of 2424
2020-02-20 16:05:48,189 >>> train epoch 54 - time 0:00:13.409801 - reward 160.53434549856425 - timesteps 2094 of 2424
2020-02-20 16:06:03,663 >>> train epoch 55 - time 0:00:15.472750 - reward 199.849971167567 - timesteps 1718 of 2424
2020-02-20 16:06:18,655 >>> train epoch 56 - time 0:00:14.991474 - reward 194.9383149080033 - timesteps 1762 of 2424
2020-02-20 16:06:32,565 >>> train epoch 57 - time 0:00:13.910487 - reward 201.9646261562522 - timesteps 1666 of 2424
2020-02-20 16:06:45,201 >>> train epoch 58 - time 0:00:12.635233 - reward 177.25107949881198 - timesteps 1932 of 2424
2020-02-20 16:06:58,883 >>> train epoch 59 - time 0:00:13.682277 - reward 219.1338321077285 - timesteps 1456 of 2424
2020-02-20 16:07:07,968 >>> train epoch 60 - time 0:00:09.084794 - reward 195.6341977601283 - timesteps 1675 of 2424
2020-02-20 16:07:22,429 >>> train epoch 61 - time 0:00:14.461182 - reward 218.82370428316503 - timesteps 1448 of 2424
2020-02-20 16:07:32,986 >>> train epoch 62 - time 0:00:10.556957 - reward 208.7006534017805 - timesteps 1550 of 2424
2020-02-20 16:07:45,392 >>> train epoch 63 - time 0:00:12.405882 - reward 195.33137623149503 - timesteps 1695 of 2424
2020-02-20 16:07:58,743 >>> train epoch 64 - time 0:00:13.350586 - reward 182.05630640079147 - timesteps 1884 of 2424
2020-02-20 16:08:14,263 >>> train epoch 65 - time 0:00:15.519742 - reward 212.97365996903264 - timesteps 1555 of 2424
2020-02-20 16:08:24,854 >>> train epoch 66 - time 0:00:10.591320 - reward 221.25408921441877 - timesteps 1446 of 2424
2020-02-20 16:08:34,411 >>> train epoch 67 - time 0:00:09.556652 - reward 182.59389651014 - timesteps 1883 of 2424
2020-02-20 16:08:49,228 >>> train epoch 68 - time 0:00:14.816083 - reward 194.34352849512624 - timesteps 1798 of 2424
2020-02-20 16:09:03,688 >>> train epoch 69 - time 0:00:14.459866 - reward 181.05851433209224 - timesteps 1923 of 2424
2020-02-20 16:09:18,658 >>> train epoch 70 - time 0:00:14.969992 - reward 175.52200891207022 - timesteps 1977 of 2424
2020-02-20 16:09:33,310 >>> train epoch 71 - time 0:00:14.651758 - reward 169.68757491814083 - timesteps 2037 of 2424
2020-02-20 16:09:48,596 >>> train epoch 72 - time 0:00:15.285825 - reward 192.24080773099018 - timesteps 1778 of 2424
2020-02-20 16:10:01,794 >>> train epoch 73 - time 0:00:13.197954 - reward 187.07735453119486 - timesteps 1845 of 2424
2020-02-20 16:10:13,619 >>> train epoch 74 - time 0:00:11.824628 - reward 156.45029438751587 - timesteps 2158 of 2424
2020-02-20 16:10:29,204 >>> train epoch 75 - time 0:00:15.585578 - reward 206.8047737826332 - timesteps 1643 of 2424
2020-02-20 16:10:40,499 >>> train epoch 76 - time 0:00:11.294632 - reward 175.19316948653145 - timesteps 1930 of 2424
2020-02-20 16:10:55,364 >>> train epoch 77 - time 0:00:14.864993 - reward 199.62144398657676 - timesteps 1681 of 2424
2020-02-20 16:11:07,122 >>> train epoch 78 - time 0:00:11.757350 - reward 196.7882858918575 - timesteps 1724 of 2424
2020-02-20 16:11:20,026 >>> train epoch 79 - time 0:00:12.904597 - reward 203.23090151810464 - timesteps 1666 of 2424
2020-02-20 16:11:31,136 >>> train epoch 80 - time 0:00:11.109466 - reward 181.70182852544036 - timesteps 1872 of 2424
2020-02-20 16:11:45,054 >>> train epoch 81 - time 0:00:13.917865 - reward 194.75557239995203 - timesteps 1775 of 2424
2020-02-20 16:11:57,560 >>> train epoch 82 - time 0:00:12.505995 - reward 189.75416638002568 - timesteps 1780 of 2424
2020-02-20 16:12:10,917 >>> train epoch 83 - time 0:00:13.356790 - reward 195.14857294948715 - timesteps 1707 of 2424
2020-02-20 16:12:22,894 >>> train epoch 84 - time 0:00:11.976544 - reward 204.50083743180105 - timesteps 1625 of 2424
2020-02-20 16:12:36,493 >>> train epoch 85 - time 0:00:13.599492 - reward 190.75052864397313 - timesteps 1768 of 2424
2020-02-20 16:12:48,014 >>> train epoch 86 - time 0:00:11.520713 - reward 185.74870752777352 - timesteps 1783 of 2424
2020-02-20 16:13:01,566 >>> train epoch 87 - time 0:00:13.551935 - reward 204.29436235475566 - timesteps 1636 of 2424
2020-02-20 16:13:13,694 >>> train epoch 88 - time 0:00:12.127861 - reward 191.32224089304145 - timesteps 1745 of 2424
2020-02-20 16:13:26,298 >>> train epoch 89 - time 0:00:12.604081 - reward 189.2124600941599 - timesteps 1764 of 2424
2020-02-20 16:13:39,326 >>> train epoch 90 - time 0:00:13.027874 - reward 183.0674877042515 - timesteps 1839 of 2424
2020-02-20 16:13:52,270 >>> train epoch 91 - time 0:00:12.942934 - reward 190.74473523143251 - timesteps 1758 of 2424
2020-02-20 16:14:05,970 >>> train epoch 92 - time 0:00:13.700268 - reward 208.83020086128533 - timesteps 1561 of 2424
2020-02-20 16:14:18,511 >>> train epoch 93 - time 0:00:12.541315 - reward 182.17157056726367 - timesteps 1851 of 2424
2020-02-20 16:14:33,130 >>> train epoch 94 - time 0:00:14.618847 - reward 225.46469938880432 - timesteps 1431 of 2424
2020-02-20 16:14:41,316 >>> train epoch 95 - time 0:00:08.185276 - reward 204.93856255098765 - timesteps 1631 of 2424
2020-02-20 16:14:53,356 >>> train epoch 96 - time 0:00:12.039874 - reward 198.2391804900475 - timesteps 1663 of 2424
2020-02-20 16:15:06,713 >>> train epoch 97 - time 0:00:13.357018 - reward 203.43569622858385 - timesteps 1608 of 2424
2020-02-20 16:15:20,205 >>> train epoch 98 - time 0:00:13.491905 - reward 187.2303696590392 - timesteps 1710 of 2424
2020-02-20 16:15:33,817 >>> train epoch 99 - time 0:00:13.611776 - reward 191.33869186123087 - timesteps 1715 of 2424
2020-02-20 16:15:45,239 >>> train epoch 100 - time 0:00:11.422013 - reward 192.5706844996141 - timesteps 1710 of 2424
2020-02-20 16:15:45,239 >>> end Marvin weights train after 100 epoch(-s) with final reward 192.5706844996141
2020-02-20 16:15:45,239 >>> Marvin parameters alpha 0.027143764413411257, weights layers [24, 24, 16, 4], multiprocessing 4
2020-02-20 16:15:45,278 >>> train time 0:15:46.681827
2020-02-20 16:15:45,295 >>> start Marvin play with 2424 max steps
2020-02-20 16:15:46,046 >>> end Marvin play after 1710 steps with total reward 192.13898795019085 and done status True
2020-02-20 16:15:46,047 >>> play time 0:00:00.768023
